d:\democ++\cpp_primer_practice\project1\debug\vc143.pdb
d:\democ++\cpp_primer_practice\project1\debug\vc143.idb
d:\democ++\cpp_primer_practice\project1\debug\application.obj
d:\democ++\cpp_primer_practice\project1\debug\1.9.obj
d:\democ++\cpp_primer_practice\project1\debug\1.8.obj
d:\democ++\cpp_primer_practice\project1\debug\1.6.obj
d:\democ++\cpp_primer_practice\project1\debug\1.5.obj
d:\democ++\cpp_primer_practice\project1\debug\1.4.obj
d:\democ++\cpp_primer_practice\project1\debug\1.3.obj
d:\democ++\cpp_primer_practice\project1\debug\1.22.obj
d:\democ++\cpp_primer_practice\project1\debug\1.21.obj
d:\democ++\cpp_primer_practice\project1\debug\1.20.obj
d:\democ++\cpp_primer_practice\project1\debug\1.19.obj
d:\democ++\cpp_primer_practice\project1\debug\1.16.obj
d:\democ++\cpp_primer_practice\project1\debug\1.13.obj
d:\democ++\cpp_primer_practice\project1\debug\1.12.obj
d:\democ++\cpp_primer_practice\project1\debug\1.11.obj
d:\democ++\cpp_primer_practice\project1\debug\1.10.obj
d:\democ++\cpp_primer_practice\project1\debug\1.24.obj
d:\democ++\cpp_primer_practice\project1\debug\project1.ilk
d:\democ++\cpp_primer_practice\debug\project1.exe
d:\democ++\cpp_primer_practice\debug\project1.pdb
d:\democ++\cpp_primer_practice\project1\debug\project1.tlog\cl.command.1.tlog
d:\democ++\cpp_primer_practice\project1\debug\project1.tlog\cl.items.tlog
d:\democ++\cpp_primer_practice\project1\debug\project1.tlog\cl.read.1.tlog
d:\democ++\cpp_primer_practice\project1\debug\project1.tlog\cl.write.1.tlog
d:\democ++\cpp_primer_practice\project1\debug\project1.tlog\link.command.1.tlog
d:\democ++\cpp_primer_practice\project1\debug\project1.tlog\link.read.1.tlog
d:\democ++\cpp_primer_practice\project1\debug\project1.tlog\link.write.1.tlog
